<?xml version="1.0" encoding="UTF-8"?>
<!-- Generated by org.testng.reporters.JUnitXMLReporter -->
<testsuite hostname="DDC2-D-6GP96BS" name="Events And Conferences Validation Tests" tests="5" failures="0" timestamp="8 Oct 2015 13:18:35 GMT" time="336.066" errors="0">
  <testcase name="testEventContentsAndSecondaryNavigation" time="46.913" classname="com.merlin.test.EventsAndConfrencesValidationTests"/>
  <testcase name="testEventNewsDetails" time="66.574" classname="com.merlin.test.EventsAndConfrencesValidationTests"/>
  <testcase name="testEventVideoPortlet" time="64.104" classname="com.merlin.test.EventsAndConfrencesValidationTests"/>
  <testcase name="testPageComponents" time="46.179" classname="com.merlin.test.EventsAndConfrencesValidationTests"/>
  <testcase name="testVideoPlayerComponents" time="52.094" classname="com.merlin.test.EventsAndConfrencesValidationTests"/>
</testsuite> <!-- Events And Conferences Validation Tests -->
