<?xml version="1.0" encoding="UTF-8"?>
<!-- Generated by org.testng.reporters.JUnitXMLReporter -->
<testsuite hostname="DDC2-D-6GP96BS" name="Log In Validation Tests" tests="3" failures="0" timestamp="9 Oct 2015 04:38:57 GMT" time="130.277" errors="0">
  <testcase name="testLogInErrorMessageValidation" time="17.577" classname="com.merlin.test.LogInValidationTests"/>
  <testcase name="testLogInValidation" time="33.294" classname="com.merlin.test.LogInValidationTests"/>
  <testcase name="testLogOutValidation" time="43.964" classname="com.merlin.test.LogInValidationTests"/>
</testsuite> <!-- Log In Validation Tests -->
