<?xml version="1.0" encoding="UTF-8"?>
<!-- Generated by org.testng.reporters.JUnitXMLReporter -->
<testsuite hostname="DDC2-D-6GP96BS" name="NewsRoom Validation Tests" tests="2" failures="0" timestamp="9 Oct 2015 04:48:40 GMT" time="130.192" errors="0">
  <testcase name="testNewsRoomMostCommentedValidation" time="57.488" classname="com.merlin.test.NewsRoomValidationTests"/>
  <testcase name="testNewsRoomTabsAndSearchValidation" time="49.832" classname="com.merlin.test.NewsRoomValidationTests"/>
</testsuite> <!-- NewsRoom Validation Tests -->
